0 info it worked if it ends with ok
1 verbose cli [ '/usr/bin/node', '/usr/bin/npm', 'install', 'websocket-stream' ]
2 info using npm@1.4.28
3 info using node@v0.10.33
4 verbose node symlink /usr/bin/node
5 verbose cache add [ 'websocket-stream', null ]
6 verbose cache add name=undefined spec="websocket-stream" args=["websocket-stream",null]
7 verbose parsed url { protocol: null,
7 verbose parsed url   slashes: null,
7 verbose parsed url   auth: null,
7 verbose parsed url   host: null,
7 verbose parsed url   port: null,
7 verbose parsed url   hostname: null,
7 verbose parsed url   hash: null,
7 verbose parsed url   search: null,
7 verbose parsed url   query: null,
7 verbose parsed url   pathname: 'websocket-stream',
7 verbose parsed url   path: 'websocket-stream',
7 verbose parsed url   href: 'websocket-stream' }
8 silly lockFile a29ae24e-websocket-stream websocket-stream
9 verbose lock websocket-stream /home/arjun/.npm/a29ae24e-websocket-stream.lock
10 silly lockFile a29ae24e-websocket-stream websocket-stream
11 silly lockFile a29ae24e-websocket-stream websocket-stream
12 verbose addNamed [ 'websocket-stream', '' ]
13 verbose addNamed [ null, '*' ]
14 silly lockFile ef77114e-websocket-stream websocket-stream@
15 verbose lock websocket-stream@ /home/arjun/.npm/ef77114e-websocket-stream.lock
16 silly addNameRange { name: 'websocket-stream', range: '*', hasData: false }
17 verbose request where is /websocket-stream
18 verbose request registry https://registry.npmjs.org/
19 verbose request id 0cc18101ec40fd6d
20 verbose url raw /websocket-stream
21 verbose url resolving [ 'https://registry.npmjs.org/', './websocket-stream' ]
22 verbose url resolved https://registry.npmjs.org/websocket-stream
23 verbose request where is https://registry.npmjs.org/websocket-stream
24 info trying registry request attempt 1 at 21:28:24
25 verbose etag "7ODQEMIWW7Z8T31O82PUM7Z6D"
26 http GET https://registry.npmjs.org/websocket-stream
27 http 200 https://registry.npmjs.org/websocket-stream
28 silly registry.get cb [ 200,
28 silly registry.get   { date: 'Mon, 02 Feb 2015 19:28:21 GMT',
28 silly registry.get     server: 'CouchDB/1.5.0 (Erlang OTP/R16B03)',
28 silly registry.get     etag: '"6BKKBXL3ZR0TF9PC62ZEEJOFH"',
28 silly registry.get     'content-type': 'application/json',
28 silly registry.get     'cache-control': 'max-age=60',
28 silly registry.get     'content-length': '29907',
28 silly registry.get     'accept-ranges': 'bytes',
28 silly registry.get     via: '1.1 varnish',
28 silly registry.get     age: '0',
28 silly registry.get     'x-served-by': 'cache-ams4129-AMS',
28 silly registry.get     'x-cache': 'MISS',
28 silly registry.get     'x-cache-hits': '0',
28 silly registry.get     'x-timer': 'S1422905301.008580,VS0,VE380',
28 silly registry.get     vary: 'Accept',
28 silly registry.get     'keep-alive': 'timeout=10, max=50',
28 silly registry.get     connection: 'Keep-Alive' } ]
29 silly addNameRange number 2 { name: 'websocket-stream', range: '*', hasData: true }
30 silly addNameRange versions [ 'websocket-stream',
30 silly addNameRange   [ '0.0.1',
30 silly addNameRange     '0.0.2',
30 silly addNameRange     '0.0.3',
30 silly addNameRange     '0.0.4',
30 silly addNameRange     '0.0.5',
30 silly addNameRange     '0.1.0',
30 silly addNameRange     '0.2.0',
30 silly addNameRange     '0.3.0',
30 silly addNameRange     '0.3.1',
30 silly addNameRange     '0.3.2',
30 silly addNameRange     '0.3.3',
30 silly addNameRange     '0.4.0',
30 silly addNameRange     '0.5.0',
30 silly addNameRange     '0.5.1',
30 silly addNameRange     '0.6.0',
30 silly addNameRange     '1.0.0',
30 silly addNameRange     '1.0.1',
30 silly addNameRange     '1.0.2',
30 silly addNameRange     '1.1.0',
30 silly addNameRange     '1.1.1',
30 silly addNameRange     '1.2.0',
30 silly addNameRange     '1.3.0',
30 silly addNameRange     '1.3.1',
30 silly addNameRange     '1.3.2' ] ]
31 verbose addNamed [ 'websocket-stream', '1.3.2' ]
32 verbose addNamed [ '1.3.2', '1.3.2' ]
33 silly lockFile 94eb1e2f-websocket-stream-1-3-2 websocket-stream@1.3.2
34 verbose lock websocket-stream@1.3.2 /home/arjun/.npm/94eb1e2f-websocket-stream-1-3-2.lock
35 silly lockFile 219a5c0e-tream-websocket-stream-1-3-2-tgz https://registry.npmjs.org/websocket-stream/-/websocket-stream-1.3.2.tgz
36 verbose lock https://registry.npmjs.org/websocket-stream/-/websocket-stream-1.3.2.tgz /home/arjun/.npm/219a5c0e-tream-websocket-stream-1-3-2-tgz.lock
37 verbose addRemoteTarball [ 'https://registry.npmjs.org/websocket-stream/-/websocket-stream-1.3.2.tgz',
37 verbose addRemoteTarball   '2896e105564b394c6f0e3449183c07269146e634' ]
38 info retry fetch attempt 1 at 21:28:24
39 verbose fetch to= /tmp/npm-3622-MqUCkCra/registry.npmjs.org/websocket-stream/-/websocket-stream-1.3.2.tgz
40 http GET https://registry.npmjs.org/websocket-stream/-/websocket-stream-1.3.2.tgz
41 http 200 https://registry.npmjs.org/websocket-stream/-/websocket-stream-1.3.2.tgz
42 silly lockFile 219a5c0e-tream-websocket-stream-1-3-2-tgz https://registry.npmjs.org/websocket-stream/-/websocket-stream-1.3.2.tgz
43 silly lockFile 219a5c0e-tream-websocket-stream-1-3-2-tgz https://registry.npmjs.org/websocket-stream/-/websocket-stream-1.3.2.tgz
44 silly lockFile 94eb1e2f-websocket-stream-1-3-2 websocket-stream@1.3.2
45 silly lockFile 94eb1e2f-websocket-stream-1-3-2 websocket-stream@1.3.2
46 silly lockFile ef77114e-websocket-stream websocket-stream@
47 silly lockFile ef77114e-websocket-stream websocket-stream@
48 error Error: EACCES, mkdir '/home/arjun/.npm/websocket-stream/1.3.2'
48 error  { [Error: EACCES, mkdir '/home/arjun/.npm/websocket-stream/1.3.2']
48 error   errno: 3,
48 error   code: 'EACCES',
48 error   path: '/home/arjun/.npm/websocket-stream/1.3.2' }
49 error Please try running this command again as root/Administrator.
50 error System Linux 3.13.0-44-generic
51 error command "/usr/bin/node" "/usr/bin/npm" "install" "websocket-stream"
52 error cwd /home/arjun/Documents/learnyounode
53 error node -v v0.10.33
54 error npm -v 1.4.28
55 error path /home/arjun/.npm/websocket-stream/1.3.2
56 error code EACCES
57 error errno 3
58 error stack Error: EACCES, mkdir '/home/arjun/.npm/websocket-stream/1.3.2'
59 verbose exit [ 3, true ]
